Arguments: 
  /usr/local/bin/node /usr/local/Cellar/yarn/1.22.19/libexec/bin/yarn.js install

PATH: 
  /Users/dev/.rbenv/shims:/usr/local/opt/ruby/bin:/usr/local/lib/ruby/gems/2.7.0/bin:/Users/dev/.rbenv/shims:/usr/local/bin:/usr/bin:/bin:/usr/sbin:/sbin:/usr/local/opt/ruby/bin:/usr/local/lib/ruby/gems/2.7.0/bin:/Users/dev/.rbenv/shims.

Yarn version: 
  1.22.19

Node version: 
  20.9.0

Platform: 
  darwin x64

Trace: 
  SyntaxError: /Users/dev/Documents/teleteask_backup/teletask/package.json: Unexpected end of JSON input
      at JSON.parse (<anonymous>)
      at /usr/local/Cellar/yarn/1.22.19/libexec/lib/cli.js:1629:59
      at Generator.next (<anonymous>)
      at step (/usr/local/Cellar/yarn/1.22.19/libexec/lib/cli.js:310:30)
      at /usr/local/Cellar/yarn/1.22.19/libexec/lib/cli.js:321:13

npm manifest: 
  

yarn manifest: 
  No manifest

Lockfile: 
  # THIS IS AN AUTOGENERATED FILE. DO NOT EDIT THIS FILE DIRECTLY.
  # yarn lockfile v1
  
  
  "@popperjs/core@^2.9.3":
    version "2.11.8"
    resolved "https://registry.yarnpkg.com/@popperjs/core/-/core-2.11.8.tgz#6b79032e760a0899cd4204710beede972a3a185f"
    integrity sha512-P1st0aksCrn9sGZhp8GMYwBnQsbvAWsZAX44oXNNvLHGqAOcoVxmjZiohstwQ7SqKnbR47akdNi+uleWD8+g6A==
  
  flowbite@^2.2.1:
    version "2.2.1"
    resolved "https://registry.yarnpkg.com/flowbite/-/flowbite-2.2.1.tgz#9e22be9ff746bccb9fcf87979bbc5e41a16eaf7a"
    integrity sha512-iiZyBTtriEDRHrqXZgpKHaxl4B2J8HZUP8Yn1RXozUDKszWHDVj4GxQqMMB9AJHRWOgXV/4E/LJZ/zqQgBUhWA==
    dependencies:
      "@popperjs/core" "^2.9.3"
      mini-svg-data-uri "^1.4.3"
  
  hotkeys-js@>=3:
    version "3.13.5"
    resolved "https://registry.yarnpkg.com/hotkeys-js/-/hotkeys-js-3.13.5.tgz#64ab54a098dd489e868b04a1d4762f8472be1f5c"
    integrity sha512-xqPBCCC9QtLUpNZhlncfPhY/KMMiiA5+YsLDCTbwDfVBvCM+IQJPZwqB8iURZI9GQYcsmqpSlARZ238puVEs3Q==
  
  jquery@>=1.12.0:
    version "3.7.1"
    resolved "https://registry.yarnpkg.com/jquery/-/jquery-3.7.1.tgz#083ef98927c9a6a74d05a6af02806566d16274de"
    integrity sha512-m4avr8yL8kmFN8psrbFFFmB/If14iN5o9nw/NgnnM+kybDJpRsAynV2BsfpTYrTRysYUdADVD7CkUUizgkpLfg==
  
  mini-svg-data-uri@^1.4.3:
    version "1.4.4"
    resolved "https://registry.yarnpkg.com/mini-svg-data-uri/-/mini-svg-data-uri-1.4.4.tgz#8ab0aabcdf8c29ad5693ca595af19dd2ead09939"
    integrity sha512-r9deDe9p5FJUPZAk3A59wGH7Ii9YrjjWw0jmw/liSbHl2CHiyXj6FcDXDu2K3TjVAXqiJdaw3xxwlZZr9E6nHg==
  
  stimulus-notification@^2.2.0:
    version "2.2.0"
    resolved "https://registry.yarnpkg.com/stimulus-notification/-/stimulus-notification-2.2.0.tgz#4e950ad90558617e4598d152b6fcd2635287a5bb"
    integrity sha512-i1Z5IHDuMzwrRxnjqaftQcIseybouMiKfiC0aeFvoznXOo14gx7LWE5a8lssbQJQhbTcxq1RSVOKztkcmrKxng==
    dependencies:
      stimulus-use "^0.51.1"
  
  stimulus-use@^0.51.1:
    version "0.51.3"
    resolved "https://registry.yarnpkg.com/stimulus-use/-/stimulus-use-0.51.3.tgz#d7ac671aff8d0db253296dec89d38aa6f4b27e2a"
    integrity sha512-V4YETxMFL4/bpmcqlwFtaOaJg9sLF+XlWsvXrsoWVA5jffsqe7uAvV6gGPPQta7Hgx01vovA0yNsWUe2eU9Jmw==
    dependencies:
      hotkeys-js ">=3"
  
  toastr@^2.1.4:
    version "2.1.4"
    resolved "https://registry.yarnpkg.com/toastr/-/toastr-2.1.4.tgz#8b43be64fb9d0c414871446f2db8e8ca4e95f181"
    integrity sha512-LIy77F5n+sz4tefMmFOntcJ6HL0Fv3k1TDnNmFZ0bU/GcvIIfy6eG2v7zQmMiYgaalAiUv75ttFrPn5s0gyqlA==
    dependencies:
      jquery ">=1.12.0"
